

================================================================
== Vivado HLS Report for 'advios_adviosThread'
================================================================
* Date:           Thu Oct  3 19:01:38 2019

* Version:        2017.2 (Build 1909853 on Thu Jun 15 18:55:24 MDT 2017)
* Project:        lab7_HLS
* Solution:       solution1
* Product family: zynq
* Target device:  xc7z010clg400-1


================================================================
== Performance Estimates
================================================================
+ Timing (ns): 
    * Summary: 
    +--------+-------+----------+------------+
    |  Clock | Target| Estimated| Uncertainty|
    +--------+-------+----------+------------+
    |ap_clk  |  10.00|      3.94|        1.25|
    +--------+-------+----------+------------+

+ Latency (clock cycles): 
    * Summary: 
    +-----+-----+-----+-----+---------+
    |  Latency  |  Interval | Pipeline|
    | min | max | min | max |   Type  |
    +-----+-----+-----+-----+---------+
    |    4|    4|    4|    4|   none  |
    +-----+-----+-----+-----+---------+

    + Detail: 
        * Instance: 
        N/A

        * Loop: 
        +----------+-----+-----+----------+-----------+-----------+------+----------+
        |          |  Latency  | Iteration|  Initiation Interval  | Trip |          |
        | Loop Name| min | max |  Latency |  achieved |   target  | Count| Pipelined|
        +----------+-----+-----+----------+-----------+-----------+------+----------+
        |- Loop 1  |    2|    2|         2|          -|          -|  inf |    no    |
        +----------+-----+-----+----------+-----------+-----------+------+----------+

============================================================
+ Verbose Summary: Synthesis Manager
============================================================
InlineROM: 1
ExposeGlobal: 0
============================================================
+ Verbose Summary: CDFG Model
============================================================
IsTopModel: 0
ResetActiveHigh: 1
IsCombinational: 0
IsDatapathOnly: 0
HasWiredReturn: 0
HasMFsm: 0
HasVarLatency: 1
IsPipeline: 0
IsRtlPipelined: 0
IsInstanceOverlapped: 0
IsDontTouch: 0
HasImplIP: 0
IsGatedGlobalClock: 0


============================================================
+ Verbose Summary: Schedule
============================================================
* Number of FSM states: 4
* Pipeline: 0
* Dataflow Pipeline: 0

* FSM state transitions: 
1 --> 
	2  / true
2 --> 
	3  / true
3 --> 
	4  / true
4 --> 
	3  / true
* FSM state operations: 

 <State 1>: 0.00ns
ST_1: v_V (10)  [1/1] 0.00ns
:0  %v_V = alloca i4

ST_1: StgValue_6 (11)  [1/1] 0.00ns
:1  call void (...)* @_ssdm_op_SpecBitsMap(i1* %clk), !map !67

ST_1: StgValue_7 (12)  [1/1] 0.00ns
:2  call void (...)* @_ssdm_op_SpecBitsMap(i1* %reset), !map !71

ST_1: StgValue_8 (13)  [1/1] 0.00ns
:3  call void (...)* @_ssdm_op_SpecBitsMap(i4* %ctrl), !map !75

ST_1: StgValue_9 (14)  [1/1] 0.00ns
:4  call void (...)* @_ssdm_op_SpecBitsMap(i4* %inSwitch), !map !79

ST_1: StgValue_10 (15)  [1/1] 0.00ns
:5  call void (...)* @_ssdm_op_SpecBitsMap(i4* %outLeds), !map !83

ST_1: StgValue_11 (16)  [1/1] 0.00ns
:6  call void (...)* @_ssdm_op_SpecBitsMap(i1* %oneSecPulse), !map !87

ST_1: StgValue_12 (17)  [1/1] 0.00ns
:7  call void (...)* @_ssdm_op_SpecBitsMap(i8* %advios_switchs_V), !map !91

ST_1: StgValue_13 (18)  [1/1] 0.00ns
:8  call void (...)* @_ssdm_op_SpecBitsMap(i32* %advios_clkCount), !map !95

ST_1: StgValue_14 (19)  [1/1] 0.00ns
:9  call void (...)* @_ssdm_op_SpecBitsMap(i1* %advios_clk1s_state), !map !99

ST_1: StgValue_15 (20)  [1/1] 0.00ns  loc: ../Assignment_lab7/Assignment_lab7/Advios.cpp:24
:10  call void (...)* @_ssdm_op_SpecPort([7 x i8]* @p_str, i32 0, [7 x i8]* @p_str1, [4 x i8]* @p_str2, i32 0, i32 0, i1* %clk) nounwind

ST_1: StgValue_16 (21)  [1/1] 0.00ns  loc: ../Assignment_lab7/Assignment_lab7/Advios.cpp:25
:11  call void (...)* @_ssdm_op_SpecPort([7 x i8]* @p_str, i32 0, [7 x i8]* @p_str1, [6 x i8]* @p_str3, i32 0, i32 0, i1* %reset) nounwind

ST_1: StgValue_17 (22)  [1/1] 0.00ns  loc: ../Assignment_lab7/Assignment_lab7/Advios.cpp:26
:12  call void (...)* @_ssdm_op_SpecPort([7 x i8]* @p_str, i32 0, [13 x i8]* @p_str4, [5 x i8]* @p_str5, i32 0, i32 0, i4* %ctrl) nounwind

ST_1: StgValue_18 (23)  [1/1] 0.00ns  loc: ../Assignment_lab7/Assignment_lab7/Advios.cpp:27
:13  call void (...)* @_ssdm_op_SpecPort([7 x i8]* @p_str, i32 0, [13 x i8]* @p_str4, [9 x i8]* @p_str6, i32 0, i32 0, i4* %inSwitch) nounwind

ST_1: StgValue_19 (24)  [1/1] 0.00ns  loc: ../Assignment_lab7/Assignment_lab7/Advios.cpp:28
:14  call void (...)* @_ssdm_op_SpecPort([7 x i8]* @p_str, i32 1, [13 x i8]* @p_str4, [8 x i8]* @p_str7, i32 0, i32 0, i4* %outLeds) nounwind

ST_1: StgValue_20 (25)  [1/1] 0.00ns  loc: ../Assignment_lab7/Assignment_lab7/Advios.cpp:29
:15  call void (...)* @_ssdm_op_SpecProcessDef([7 x i8]* @p_str, i32 2, [13 x i8]* @p_str16) nounwind

ST_1: tmp_3 (26)  [1/1] 0.00ns  loc: ../Assignment_lab7/Assignment_lab7/Advios.cpp:29
:16  %tmp_3 = call i32 (...)* @_ssdm_op_SpecRegionBegin([15 x i8]* @p_str9)

ST_1: StgValue_22 (27)  [1/1] 0.00ns  loc: ../Assignment_lab7/Assignment_lab7/Advios.cpp:29
:17  call void (...)* @_ssdm_op_SpecProtocol(i32 1, [1 x i8]* @p_str10) nounwind

ST_1: p_ssdm_reset_v (28)  [1/1] 0.00ns  loc: ../Assignment_lab7/Assignment_lab7/Advios.cpp:29
:18  %p_ssdm_reset_v = call i32 (...)* @_ssdm_op_SpecStateBegin(i32 0, i32 0, i32 1) nounwind

ST_1: empty (29)  [1/1] 0.00ns  loc: ../Assignment_lab7/Assignment_lab7/Advios.cpp:26
:19  %empty = call i32 (...)* @_ssdm_op_SpecStateEnd(i32 %p_ssdm_reset_v) nounwind

ST_1: empty_4 (30)  [1/1] 0.00ns  loc: ../Assignment_lab7/Assignment_lab7/Advios.cpp:26
:20  %empty_4 = call i32 (...)* @_ssdm_op_SpecRegionEnd([15 x i8]* @p_str9, i32 %tmp_3)


 <State 2>: 1.59ns
ST_2: StgValue_26 (31)  [1/1] 1.59ns
:21  store i4 0, i4* %v_V

ST_2: StgValue_27 (32)  [1/1] 0.00ns  loc: ../Assignment_lab7/Assignment_lab7/Advios.cpp:26
:22  br label %1


 <State 3>: 3.10ns
ST_3: val_V (34)  [1/1] 0.00ns  loc: ../Assignment_lab7/Assignment_lab7/Advios.cpp:32
:0  %val_V = call i4 @_ssdm_op_Read.ap_auto.volatile.i4P(i4* %ctrl)

ST_3: val_V_1 (35)  [1/1] 0.00ns  loc: ../Assignment_lab7/Assignment_lab7/Advios.cpp:33
:1  %val_V_1 = call i4 @_ssdm_op_Read.ap_auto.volatile.i4P(i4* %inSwitch)

ST_3: tmp (36)  [1/1] 3.10ns  loc: ../Assignment_lab7/Assignment_lab7/Advios.cpp:34
:2  %tmp = icmp eq i4 %val_V, 0

ST_3: StgValue_31 (37)  [1/1] 0.00ns  loc: ../Assignment_lab7/Assignment_lab7/Advios.cpp:34
:3  br i1 %tmp, label %2, label %6

ST_3: v_V_1 (39)  [1/1] 2.07ns  loc: ../Assignment_lab7/Assignment_lab7/Advios.cpp:57
:0  %v_V_1 = and i4 %val_V_1, %val_V

ST_3: StgValue_33 (40)  [1/1] 0.00ns  loc: ../Assignment_lab7/Assignment_lab7/Advios.cpp:57
:1  call void @_ssdm_op_Write.ap_auto.volatile.i4P(i4* %outLeds, i4 %v_V_1)

ST_3: StgValue_34 (41)  [1/1] 0.00ns
:2  br label %_ZN7_ap_sc_7sc_core4waitEi.exit

ST_3: v_V_load_1 (43)  [1/1] 0.00ns  loc: ../Assignment_lab7/Assignment_lab7/Advios.cpp:36
:0  %v_V_load_1 = load i4* %v_V

ST_3: StgValue_36 (44)  [1/1] 0.00ns  loc: ../Assignment_lab7/Assignment_lab7/Advios.cpp:36
:1  call void @_ssdm_op_Write.ap_auto.volatile.i4P(i4* %outLeds, i4 %v_V_load_1)

ST_3: tmp_2 (45)  [1/1] 3.10ns  loc: ../Assignment_lab7/Assignment_lab7/Advios.cpp:38
:2  %tmp_2 = icmp eq i4 %val_V_1, -8

ST_3: StgValue_38 (46)  [1/1] 0.00ns  loc: ../Assignment_lab7/Assignment_lab7/Advios.cpp:38
:3  br i1 %tmp_2, label %3, label %4

ST_3: tmp_1 (48)  [1/1] 0.00ns  loc: ../Assignment_lab7/Assignment_lab7/Advios.cpp:46
:0  %tmp_1 = call i1 @_ssdm_op_Read.ap_auto.volatile.i1P(i1* %oneSecPulse)

ST_3: StgValue_40 (49)  [1/1] 0.00ns  loc: ../Assignment_lab7/Assignment_lab7/Advios.cpp:46
:1  br i1 %tmp_1, label %5, label %_ZN7_ap_sc_7sc_core4waitEi.exit


 <State 4>: 3.94ns
ST_4: v_V_load (51)  [1/1] 0.00ns  loc: ../Assignment_lab7/Assignment_lab7/Advios.cpp:49
:0  %v_V_load = load i4* %v_V

ST_4: cnt_V (52)  [1/1] 2.35ns  loc: ../Assignment_lab7/Assignment_lab7/Advios.cpp:49
:1  %cnt_V = add i4 %v_V_load, 1

ST_4: StgValue_43 (53)  [1/1] 0.00ns  loc: ../Assignment_lab7/Assignment_lab7/Advios.cpp:50
:2  call void @_ssdm_op_Write.ap_auto.volatile.i4P(i4* %outLeds, i4 %cnt_V)

ST_4: StgValue_44 (54)  [1/1] 1.59ns  loc: ../Assignment_lab7/Assignment_lab7/Advios.cpp:50
:3  store i4 %cnt_V, i4* %v_V

ST_4: StgValue_45 (55)  [1/1] 0.00ns  loc: ../Assignment_lab7/Assignment_lab7/Advios.cpp:51
:4  br label %_ZN7_ap_sc_7sc_core4waitEi.exit

ST_4: StgValue_46 (57)  [1/1] 0.00ns  loc: ../Assignment_lab7/Assignment_lab7/Advios.cpp:40
:0  call void @_ssdm_op_Write.ap_auto.volatile.i4P(i4* %outLeds, i4 0)

ST_4: StgValue_47 (58)  [1/1] 1.59ns
:1  store i4 0, i4* %v_V

ST_4: StgValue_48 (59)  [1/1] 0.00ns  loc: ../Assignment_lab7/Assignment_lab7/Advios.cpp:42
:2  br label %_ZN7_ap_sc_7sc_core4waitEi.exit

ST_4: StgValue_49 (61)  [1/1] 0.00ns  loc: ../Assignment_lab7/Assignment_lab7/Advios.cpp:60
_ZN7_ap_sc_7sc_core4waitEi.exit:0  call void (...)* @_ssdm_op_Wait(i32 1) nounwind

ST_4: StgValue_50 (62)  [1/1] 0.00ns  loc: ../Assignment_lab7/Assignment_lab7/Advios.cpp:61
_ZN7_ap_sc_7sc_core4waitEi.exit:1  br label %1



============================================================
+ Verbose Summary: Binding
============================================================
STG Binding: 
---------------- STG Properties BEGIN ----------------
- Is combinational: 0
- Is one-state seq: 0
- Is datapath-only: 0
- Is pipelined: 0
- Is top level: 0
Port [ Return ] is wired: 1; IO mode=ap_ctrl_hs:ce=0
Port [ clk]:  wired=1; compound=0; hidden=1; nouse=1; global=0; static=0; extern=0; dir=0; type=0; pingpong=0; private_global=0; IO mode=ap_none:ce=0
Port [ reset]:  wired=1; compound=0; hidden=1; nouse=1; global=0; static=0; extern=0; dir=0; type=0; pingpong=0; private_global=0; IO mode=ap_none:ce=0
Port [ ctrl]:  wired=1; compound=0; hidden=0; nouse=0; global=0; static=0; extern=0; dir=0; type=0; pingpong=0; private_global=0; IO mode=ap_none:ce=0
Port [ inSwitch]:  wired=1; compound=0; hidden=0; nouse=0; global=0; static=0; extern=0; dir=0; type=0; pingpong=0; private_global=0; IO mode=ap_none:ce=0
Port [ outLeds]:  wired=1; compound=0; hidden=0; nouse=0; global=0; static=0; extern=0; dir=1; type=0; pingpong=0; private_global=0; IO mode=ap_vld:ce=0
Port [ oneSecPulse]:  wired=1; compound=0; hidden=0; nouse=0; global=0; static=0; extern=0; dir=0; type=0; pingpong=0; private_global=0; IO mode=ap_none:ce=0
Port [ advios_switchs_V]:  wired=1; compound=0; hidden=1; nouse=1; global=0; static=0; extern=0; dir=0; type=0; pingpong=0; private_global=0; IO mode=ap_none:ce=0
Port [ advios_clkCount]:  wired=1; compound=0; hidden=1; nouse=1; global=0; static=0; extern=0; dir=0; type=0; pingpong=0; private_global=0; IO mode=ap_none:ce=0
Port [ advios_clk1s_state]:  wired=1; compound=0; hidden=1; nouse=1; global=0; static=0; extern=0; dir=0; type=0; pingpong=0; private_global=0; IO mode=ap_none:ce=0
---------------- STG Properties END ------------------

---------------- Datapath Model BEGIN ----------------

<LifeTime>
<method=bitvector/>
v_V            (alloca         ) [ 00111]
StgValue_6     (specbitsmap    ) [ 00000]
StgValue_7     (specbitsmap    ) [ 00000]
StgValue_8     (specbitsmap    ) [ 00000]
StgValue_9     (specbitsmap    ) [ 00000]
StgValue_10    (specbitsmap    ) [ 00000]
StgValue_11    (specbitsmap    ) [ 00000]
StgValue_12    (specbitsmap    ) [ 00000]
StgValue_13    (specbitsmap    ) [ 00000]
StgValue_14    (specbitsmap    ) [ 00000]
StgValue_15    (specport       ) [ 00000]
StgValue_16    (specport       ) [ 00000]
StgValue_17    (specport       ) [ 00000]
StgValue_18    (specport       ) [ 00000]
StgValue_19    (specport       ) [ 00000]
StgValue_20    (specprocessdef ) [ 00000]
tmp_3          (specregionbegin) [ 00000]
StgValue_22    (specprotocol   ) [ 00000]
p_ssdm_reset_v (specstatebegin ) [ 00000]
empty          (specstateend   ) [ 00000]
empty_4        (specregionend  ) [ 00000]
StgValue_26    (store          ) [ 00000]
StgValue_27    (br             ) [ 00000]
val_V          (read           ) [ 00000]
val_V_1        (read           ) [ 00000]
tmp            (icmp           ) [ 00011]
StgValue_31    (br             ) [ 00000]
v_V_1          (and            ) [ 00000]
StgValue_33    (write          ) [ 00000]
StgValue_34    (br             ) [ 00000]
v_V_load_1     (load           ) [ 00000]
StgValue_36    (write          ) [ 00000]
tmp_2          (icmp           ) [ 00011]
StgValue_38    (br             ) [ 00000]
tmp_1          (read           ) [ 00001]
StgValue_40    (br             ) [ 00000]
v_V_load       (load           ) [ 00000]
cnt_V          (add            ) [ 00000]
StgValue_43    (write          ) [ 00000]
StgValue_44    (store          ) [ 00000]
StgValue_45    (br             ) [ 00000]
StgValue_46    (write          ) [ 00000]
StgValue_47    (store          ) [ 00000]
StgValue_48    (br             ) [ 00000]
StgValue_49    (wait           ) [ 00000]
StgValue_50    (br             ) [ 00000]
</LifeTime>

<model>

<comp_list>
<comp id="0" class="1000" name="clk">
<pin_list>
<pin id="1" dir="1" index="0" bw="1" slack="2147483647"/>
</pin_list>
<bind>
<StgValue><ssdm name="clk"/></StgValue>
</bind>
</comp>

<comp id="2" class="1000" name="reset">
<pin_list>
<pin id="3" dir="1" index="0" bw="1" slack="2147483647"/>
</pin_list>
<bind>
<StgValue><ssdm name="reset"/></StgValue>
</bind>
</comp>

<comp id="4" class="1000" name="ctrl">
<pin_list>
<pin id="5" dir="1" index="0" bw="1" slack="0"/>
</pin_list>
<bind>
<StgValue><ssdm name="ctrl"/></StgValue>
</bind>
</comp>

<comp id="6" class="1000" name="inSwitch">
<pin_list>
<pin id="7" dir="1" index="0" bw="1" slack="0"/>
</pin_list>
<bind>
<StgValue><ssdm name="inSwitch"/></StgValue>
</bind>
</comp>

<comp id="8" class="1000" name="outLeds">
<pin_list>
<pin id="9" dir="1" index="0" bw="1" slack="0"/>
</pin_list>
<bind>
<StgValue><ssdm name="outLeds"/></StgValue>
</bind>
</comp>

<comp id="10" class="1000" name="oneSecPulse">
<pin_list>
<pin id="11" dir="1" index="0" bw="1" slack="0"/>
</pin_list>
<bind>
<StgValue><ssdm name="oneSecPulse"/></StgValue>
</bind>
</comp>

<comp id="12" class="1000" name="advios_switchs_V">
<pin_list>
<pin id="13" dir="1" index="0" bw="1" slack="2147483647"/>
</pin_list>
<bind>
<StgValue><ssdm name="advios_switchs_V"/></StgValue>
</bind>
</comp>

<comp id="14" class="1000" name="advios_clkCount">
<pin_list>
<pin id="15" dir="1" index="0" bw="1" slack="2147483647"/>
</pin_list>
<bind>
<StgValue><ssdm name="advios_clkCount"/></StgValue>
</bind>
</comp>

<comp id="16" class="1000" name="advios_clk1s_state">
<pin_list>
<pin id="17" dir="1" index="0" bw="1" slack="2147483647"/>
</pin_list>
<bind>
<StgValue><ssdm name="advios_clk1s_state"/></StgValue>
</bind>
</comp>

<comp id="18" class="1001" name="const_18">
<pin_list>
<pin id="19" dir="1" index="0" bw="1" slack="0"/>
</pin_list>
<bind>
<StgValue><ssdm name=""/></StgValue>
</bind>
</comp>

<comp id="20" class="1001" name="const_20">
<pin_list>
<pin id="21" dir="1" index="0" bw="1" slack="2147483647"/>
</pin_list>
<bind>
<StgValue><ssdm name="_ssdm_op_SpecBitsMap"/></StgValue>
</bind>
</comp>

<comp id="22" class="1001" name="const_22">
<pin_list>
<pin id="23" dir="1" index="0" bw="1" slack="2147483647"/>
</pin_list>
<bind>
<StgValue><ssdm name="_ssdm_op_SpecPort"/></StgValue>
</bind>
</comp>

<comp id="24" class="1001" name="const_24">
<pin_list>
<pin id="25" dir="1" index="0" bw="1" slack="2147483647"/>
</pin_list>
<bind>
<StgValue><ssdm name="p_str"/></StgValue>
</bind>
</comp>

<comp id="26" class="1001" name="const_26">
<pin_list>
<pin id="27" dir="1" index="0" bw="1" slack="2147483647"/>
</pin_list>
<bind>
<StgValue><ssdm name=""/></StgValue>
</bind>
</comp>

<comp id="28" class="1001" name="const_28">
<pin_list>
<pin id="29" dir="1" index="0" bw="1" slack="2147483647"/>
</pin_list>
<bind>
<StgValue><ssdm name="p_str1"/></StgValue>
</bind>
</comp>

<comp id="30" class="1001" name="const_30">
<pin_list>
<pin id="31" dir="1" index="0" bw="1" slack="2147483647"/>
</pin_list>
<bind>
<StgValue><ssdm name="p_str2"/></StgValue>
</bind>
</comp>

<comp id="32" class="1001" name="const_32">
<pin_list>
<pin id="33" dir="1" index="0" bw="1" slack="2147483647"/>
</pin_list>
<bind>
<StgValue><ssdm name="p_str3"/></StgValue>
</bind>
</comp>

<comp id="34" class="1001" name="const_34">
<pin_list>
<pin id="35" dir="1" index="0" bw="1" slack="2147483647"/>
</pin_list>
<bind>
<StgValue><ssdm name="p_str4"/></StgValue>
</bind>
</comp>

<comp id="36" class="1001" name="const_36">
<pin_list>
<pin id="37" dir="1" index="0" bw="1" slack="2147483647"/>
</pin_list>
<bind>
<StgValue><ssdm name="p_str5"/></StgValue>
</bind>
</comp>

<comp id="38" class="1001" name="const_38">
<pin_list>
<pin id="39" dir="1" index="0" bw="1" slack="2147483647"/>
</pin_list>
<bind>
<StgValue><ssdm name="p_str6"/></StgValue>
</bind>
</comp>

<comp id="40" class="1001" name="const_40">
<pin_list>
<pin id="41" dir="1" index="0" bw="1" slack="2147483647"/>
</pin_list>
<bind>
<StgValue><ssdm name="p_str7"/></StgValue>
</bind>
</comp>

<comp id="42" class="1001" name="const_42">
<pin_list>
<pin id="43" dir="1" index="0" bw="1" slack="2147483647"/>
</pin_list>
<bind>
<StgValue><ssdm name="_ssdm_op_SpecProcessDef"/></StgValue>
</bind>
</comp>

<comp id="44" class="1001" name="const_44">
<pin_list>
<pin id="45" dir="1" index="0" bw="1" slack="2147483647"/>
</pin_list>
<bind>
<StgValue><ssdm name=""/></StgValue>
</bind>
</comp>

<comp id="46" class="1001" name="const_46">
<pin_list>
<pin id="47" dir="1" index="0" bw="1" slack="2147483647"/>
</pin_list>
<bind>
<StgValue><ssdm name="p_str16"/></StgValue>
</bind>
</comp>

<comp id="48" class="1001" name="const_48">
<pin_list>
<pin id="49" dir="1" index="0" bw="1" slack="2147483647"/>
</pin_list>
<bind>
<StgValue><ssdm name="_ssdm_op_SpecRegionBegin"/></StgValue>
</bind>
</comp>

<comp id="50" class="1001" name="const_50">
<pin_list>
<pin id="51" dir="1" index="0" bw="1" slack="2147483647"/>
</pin_list>
<bind>
<StgValue><ssdm name="p_str9"/></StgValue>
</bind>
</comp>

<comp id="52" class="1001" name="const_52">
<pin_list>
<pin id="53" dir="1" index="0" bw="1" slack="2147483647"/>
</pin_list>
<bind>
<StgValue><ssdm name="_ssdm_op_SpecProtocol"/></StgValue>
</bind>
</comp>

<comp id="54" class="1001" name="const_54">
<pin_list>
<pin id="55" dir="1" index="0" bw="1" slack="2147483647"/>
</pin_list>
<bind>
<StgValue><ssdm name="p_str10"/></StgValue>
</bind>
</comp>

<comp id="56" class="1001" name="const_56">
<pin_list>
<pin id="57" dir="1" index="0" bw="1" slack="2147483647"/>
</pin_list>
<bind>
<StgValue><ssdm name="_ssdm_op_SpecStateBegin"/></StgValue>
</bind>
</comp>

<comp id="58" class="1001" name="const_58">
<pin_list>
<pin id="59" dir="1" index="0" bw="1" slack="2147483647"/>
</pin_list>
<bind>
<StgValue><ssdm name="_ssdm_op_SpecStateEnd"/></StgValue>
</bind>
</comp>

<comp id="60" class="1001" name="const_60">
<pin_list>
<pin id="61" dir="1" index="0" bw="1" slack="2147483647"/>
</pin_list>
<bind>
<StgValue><ssdm name="_ssdm_op_SpecRegionEnd"/></StgValue>
</bind>
</comp>

<comp id="62" class="1001" name="const_62">
<pin_list>
<pin id="63" dir="1" index="0" bw="1" slack="0"/>
</pin_list>
<bind>
<StgValue><ssdm name=""/></StgValue>
</bind>
</comp>

<comp id="64" class="1001" name="const_64">
<pin_list>
<pin id="65" dir="1" index="0" bw="1" slack="0"/>
</pin_list>
<bind>
<StgValue><ssdm name="_ssdm_op_Read.ap_auto.volatile.i4P"/></StgValue>
</bind>
</comp>

<comp id="66" class="1001" name="const_66">
<pin_list>
<pin id="67" dir="1" index="0" bw="1" slack="0"/>
</pin_list>
<bind>
<StgValue><ssdm name="_ssdm_op_Write.ap_auto.volatile.i4P"/></StgValue>
</bind>
</comp>

<comp id="68" class="1001" name="const_68">
<pin_list>
<pin id="69" dir="1" index="0" bw="1" slack="0"/>
</pin_list>
<bind>
<StgValue><ssdm name=""/></StgValue>
</bind>
</comp>

<comp id="70" class="1001" name="const_70">
<pin_list>
<pin id="71" dir="1" index="0" bw="1" slack="0"/>
</pin_list>
<bind>
<StgValue><ssdm name="_ssdm_op_Read.ap_auto.volatile.i1P"/></StgValue>
</bind>
</comp>

<comp id="72" class="1001" name="const_72">
<pin_list>
<pin id="73" dir="1" index="0" bw="1" slack="0"/>
</pin_list>
<bind>
<StgValue><ssdm name=""/></StgValue>
</bind>
</comp>

<comp id="74" class="1001" name="const_74">
<pin_list>
<pin id="75" dir="1" index="0" bw="1" slack="2147483647"/>
</pin_list>
<bind>
<StgValue><ssdm name="_ssdm_op_Wait"/></StgValue>
</bind>
</comp>

<comp id="76" class="1004" name="v_V_fu_76">
<pin_list>
<pin id="77" dir="0" index="0" bw="1" slack="0"/>
<pin id="78" dir="1" index="1" bw="4" slack="1"/>
</pin_list>
<bind>
<opcode="alloca(26) " fcode="alloca"/>
<opset="v_V/1 "/>
</bind>
</comp>

<comp id="80" class="1004" name="val_V_read_fu_80">
<pin_list>
<pin id="81" dir="0" index="0" bw="4" slack="0"/>
<pin id="82" dir="0" index="1" bw="4" slack="0"/>
<pin id="83" dir="1" index="2" bw="4" slack="0"/>
</pin_list>
<bind>
<opcode="read(1150) " fcode="read"/>
<opset="val_V/3 "/>
</bind>
</comp>

<comp id="86" class="1004" name="val_V_1_read_fu_86">
<pin_list>
<pin id="87" dir="0" index="0" bw="4" slack="0"/>
<pin id="88" dir="0" index="1" bw="4" slack="0"/>
<pin id="89" dir="1" index="2" bw="4" slack="0"/>
</pin_list>
<bind>
<opcode="read(1150) " fcode="read"/>
<opset="val_V_1/3 "/>
</bind>
</comp>

<comp id="92" class="1004" name="grp_write_fu_92">
<pin_list>
<pin id="93" dir="0" index="0" bw="0" slack="0"/>
<pin id="94" dir="0" index="1" bw="4" slack="0"/>
<pin id="95" dir="0" index="2" bw="4" slack="0"/>
<pin id="96" dir="1" index="3" bw="0" slack="2147483647"/>
</pin_list>
<bind>
<opcode="write(1151) " fcode="write"/>
<opset="StgValue_33/3 StgValue_36/3 StgValue_43/4 StgValue_46/4 "/>
</bind>
</comp>

<comp id="99" class="1004" name="tmp_1_read_fu_99">
<pin_list>
<pin id="100" dir="0" index="0" bw="1" slack="0"/>
<pin id="101" dir="0" index="1" bw="1" slack="0"/>
<pin id="102" dir="1" index="2" bw="1" slack="1"/>
</pin_list>
<bind>
<opcode="read(1150) " fcode="read"/>
<opset="tmp_1/3 "/>
</bind>
</comp>

<comp id="106" class="1004" name="grp_store_fu_106">
<pin_list>
<pin id="107" dir="0" index="0" bw="1" slack="0"/>
<pin id="108" dir="0" index="1" bw="4" slack="1"/>
<pin id="109" dir="1" index="2" bw="0" slack="2147483647"/>
</pin_list>
<bind>
<opcode="store(28) " fcode="store"/>
<opset="StgValue_26/2 StgValue_47/4 "/>
</bind>
</comp>

<comp id="111" class="1004" name="grp_load_fu_111">
<pin_list>
<pin id="112" dir="0" index="0" bw="4" slack="2"/>
<pin id="113" dir="1" index="1" bw="4" slack="0"/>
</pin_list>
<bind>
<opcode="load(27) " fcode="load"/>
<opset="v_V_load_1/3 v_V_load/4 "/>
</bind>
</comp>

<comp id="115" class="1004" name="tmp_fu_115">
<pin_list>
<pin id="116" dir="0" index="0" bw="4" slack="0"/>
<pin id="117" dir="0" index="1" bw="1" slack="0"/>
<pin id="118" dir="1" index="2" bw="1" slack="1"/>
</pin_list>
<bind>
<opcode="icmp(45) " fcode="icmp"/>
<opset="tmp/3 "/>
</bind>
</comp>

<comp id="121" class="1004" name="v_V_1_fu_121">
<pin_list>
<pin id="122" dir="0" index="0" bw="4" slack="0"/>
<pin id="123" dir="0" index="1" bw="4" slack="0"/>
<pin id="124" dir="1" index="2" bw="4" slack="0"/>
</pin_list>
<bind>
<opcode="and(23) " fcode="and"/>
<opset="v_V_1/3 "/>
</bind>
</comp>

<comp id="128" class="1004" name="tmp_2_fu_128">
<pin_list>
<pin id="129" dir="0" index="0" bw="4" slack="0"/>
<pin id="130" dir="0" index="1" bw="4" slack="0"/>
<pin id="131" dir="1" index="2" bw="1" slack="1"/>
</pin_list>
<bind>
<opcode="icmp(45) " fcode="icmp"/>
<opset="tmp_2/3 "/>
</bind>
</comp>

<comp id="134" class="1004" name="cnt_V_fu_134">
<pin_list>
<pin id="135" dir="0" index="0" bw="4" slack="0"/>
<pin id="136" dir="0" index="1" bw="1" slack="0"/>
<pin id="137" dir="1" index="2" bw="4" slack="0"/>
</pin_list>
<bind>
<opcode="add(8) " fcode="add"/>
<opset="cnt_V/4 "/>
</bind>
</comp>

<comp id="141" class="1004" name="StgValue_44_store_fu_141">
<pin_list>
<pin id="142" dir="0" index="0" bw="4" slack="0"/>
<pin id="143" dir="0" index="1" bw="4" slack="3"/>
<pin id="144" dir="1" index="2" bw="0" slack="2147483647"/>
</pin_list>
<bind>
<opcode="store(28) " fcode="store"/>
<opset="StgValue_44/4 "/>
</bind>
</comp>

<comp id="146" class="1005" name="v_V_reg_146">
<pin_list>
<pin id="147" dir="0" index="0" bw="4" slack="1"/>
<pin id="148" dir="1" index="1" bw="4" slack="1"/>
</pin_list>
<bind>
<opset="v_V "/>
</bind>
</comp>

<comp id="153" class="1005" name="tmp_reg_153">
<pin_list>
<pin id="154" dir="0" index="0" bw="1" slack="1"/>
<pin id="155" dir="1" index="1" bw="1" slack="2147483647"/>
</pin_list>
<bind>
<opset="tmp "/>
</bind>
</comp>

<comp id="157" class="1005" name="tmp_2_reg_157">
<pin_list>
<pin id="158" dir="0" index="0" bw="1" slack="1"/>
<pin id="159" dir="1" index="1" bw="1" slack="2147483647"/>
</pin_list>
<bind>
<opset="tmp_2 "/>
</bind>
</comp>

<comp id="161" class="1005" name="tmp_1_reg_161">
<pin_list>
<pin id="162" dir="0" index="0" bw="1" slack="1"/>
<pin id="163" dir="1" index="1" bw="1" slack="2147483647"/>
</pin_list>
<bind>
<opset="tmp_1 "/>
</bind>
</comp>

</comp_list>

<net_list>
<net id="79"><net_src comp="18" pin="0"/><net_sink comp="76" pin=0"/></net>

<net id="84"><net_src comp="64" pin="0"/><net_sink comp="80" pin=0"/></net>

<net id="85"><net_src comp="4" pin="0"/><net_sink comp="80" pin=1"/></net>

<net id="90"><net_src comp="64" pin="0"/><net_sink comp="86" pin=0"/></net>

<net id="91"><net_src comp="6" pin="0"/><net_sink comp="86" pin=1"/></net>

<net id="97"><net_src comp="66" pin="0"/><net_sink comp="92" pin=0"/></net>

<net id="98"><net_src comp="8" pin="0"/><net_sink comp="92" pin=1"/></net>

<net id="103"><net_src comp="70" pin="0"/><net_sink comp="99" pin=0"/></net>

<net id="104"><net_src comp="10" pin="0"/><net_sink comp="99" pin=1"/></net>

<net id="105"><net_src comp="62" pin="0"/><net_sink comp="92" pin=2"/></net>

<net id="110"><net_src comp="62" pin="0"/><net_sink comp="106" pin=0"/></net>

<net id="114"><net_src comp="111" pin="1"/><net_sink comp="92" pin=2"/></net>

<net id="119"><net_src comp="80" pin="2"/><net_sink comp="115" pin=0"/></net>

<net id="120"><net_src comp="62" pin="0"/><net_sink comp="115" pin=1"/></net>

<net id="125"><net_src comp="86" pin="2"/><net_sink comp="121" pin=0"/></net>

<net id="126"><net_src comp="80" pin="2"/><net_sink comp="121" pin=1"/></net>

<net id="127"><net_src comp="121" pin="2"/><net_sink comp="92" pin=2"/></net>

<net id="132"><net_src comp="86" pin="2"/><net_sink comp="128" pin=0"/></net>

<net id="133"><net_src comp="68" pin="0"/><net_sink comp="128" pin=1"/></net>

<net id="138"><net_src comp="111" pin="1"/><net_sink comp="134" pin=0"/></net>

<net id="139"><net_src comp="72" pin="0"/><net_sink comp="134" pin=1"/></net>

<net id="140"><net_src comp="134" pin="2"/><net_sink comp="92" pin=2"/></net>

<net id="145"><net_src comp="134" pin="2"/><net_sink comp="141" pin=0"/></net>

<net id="149"><net_src comp="76" pin="1"/><net_sink comp="146" pin=0"/></net>

<net id="150"><net_src comp="146" pin="1"/><net_sink comp="106" pin=1"/></net>

<net id="151"><net_src comp="146" pin="1"/><net_sink comp="111" pin=0"/></net>

<net id="152"><net_src comp="146" pin="1"/><net_sink comp="141" pin=1"/></net>

<net id="156"><net_src comp="115" pin="2"/><net_sink comp="153" pin=0"/></net>

<net id="160"><net_src comp="128" pin="2"/><net_sink comp="157" pin=0"/></net>

<net id="164"><net_src comp="99" pin="2"/><net_sink comp="161" pin=0"/></net>

</net_list>

</model> 
---------------- Datapath Model END ------------------

* FSMD analyzer results:
  - Output states:
	Port: outLeds | {3 4 }
 - Input state : 
	Port: advios::adviosThread : ctrl | {3 }
	Port: advios::adviosThread : inSwitch | {3 }
	Port: advios::adviosThread : oneSecPulse | {3 }
  - Chain level:
	State 1
		empty : 1
		empty_4 : 1
	State 2
	State 3
		StgValue_31 : 1
		StgValue_36 : 1
		StgValue_38 : 1
	State 4
		cnt_V : 1
		StgValue_43 : 2
		StgValue_44 : 2


============================================================
+ Verbose Summary: Datapath Resource usage 
============================================================

* Functional unit list:
|----------|--------------------|---------|---------|
| Operation|   Functional Unit  |    FF   |   LUT   |
|----------|--------------------|---------|---------|
|    add   |    cnt_V_fu_134    |    17   |    9    |
|----------|--------------------|---------|---------|
|   icmp   |     tmp_fu_115     |    0    |    2    |
|          |    tmp_2_fu_128    |    0    |    2    |
|----------|--------------------|---------|---------|
|    and   |    v_V_1_fu_121    |    0    |    4    |
|----------|--------------------|---------|---------|
|          |  val_V_read_fu_80  |    0    |    0    |
|   read   | val_V_1_read_fu_86 |    0    |    0    |
|          |  tmp_1_read_fu_99  |    0    |    0    |
|----------|--------------------|---------|---------|
|   write  |   grp_write_fu_92  |    0    |    0    |
|----------|--------------------|---------|---------|
|   Total  |                    |    17   |    17   |
|----------|--------------------|---------|---------|

Memories:
N/A

* Register list:
+-------------+--------+
|             |   FF   |
+-------------+--------+
|tmp_1_reg_161|    1   |
|tmp_2_reg_157|    1   |
| tmp_reg_153 |    1   |
| v_V_reg_146 |    4   |
+-------------+--------+
|    Total    |    7   |
+-------------+--------+

* Multiplexer (MUX) list: 
|-----------------|------|------|------|--------||---------||---------|
|       Comp      |  Pin | Size |  BW  | S x BW ||  Delay  ||   LUT   |
|-----------------|------|------|------|--------||---------||---------|
| grp_write_fu_92 |  p2  |   4  |   4  |   16   ||    21   |
|-----------------|------|------|------|--------||---------||---------|
|      Total      |      |      |      |   16   ||  1.958  ||    21   |
|-----------------|------|------|------|--------||---------||---------|



* Summary:
+-----------+--------+--------+--------+
|           |  Delay |   FF   |   LUT  |
+-----------+--------+--------+--------+
|  Function |    -   |   17   |   17   |
|   Memory  |    -   |    -   |    -   |
|Multiplexer|    1   |    -   |   21   |
|  Register |    -   |    7   |    -   |
+-----------+--------+--------+--------+
|   Total   |    1   |   24   |   38   |
+-----------+--------+--------+--------+
